<?xml version="1.0" encoding="UTF-8"?>
<!-- Generated by org.testng.reporters.JUnitReportReporter -->
<testsuite skipped="0" hostname="Ban-1Anchoudhary-Lt" name="NewTest" tests="1" failures="0" timestamp="27 Aug 2018 08:13:06 GMT" time="0.213" errors="0">
  <testcase name="f" time="0.213" classname="NewTest"/>
</testsuite> <!-- NewTest -->
