<?xml version="1.0" encoding="UTF-8"?>
<!-- Generated by org.testng.reporters.JUnitReportReporter -->
<testsuite hostname="Ban-1Anchoudhary-Lt" name="NewTest" tests="1" failures="0" timestamp="27 Aug 2018 09:17:27 GMT" time="0.042" errors="0">
  <testcase name="f" time="0.042" classname="NewTest"/>
</testsuite> <!-- NewTest -->
